{"/Users/suleymanozyilmaz/Desktop/jstest/app.js": {"path":"/Users/suleymanozyilmaz/Desktop/jstest/app.js","statementMap":{"0":{"start":{"line":3,"column":4},"end":{"line":3,"column":17}},"1":{"start":{"line":7,"column":4},"end":{"line":7,"column":17}},"2":{"start":{"line":11,"column":4},"end":{"line":19,"column":5}},"3":{"start":{"line":12,"column":8},"end":{"line":12,"column":17}},"4":{"start":{"line":14,"column":9},"end":{"line":19,"column":5}},"5":{"start":{"line":15,"column":8},"end":{"line":15,"column":27}},"6":{"start":{"line":18,"column":8},"end":{"line":18,"column":21}},"7":{"start":{"line":22,"column":0},"end":{"line":22,"column":53}}},"fnMap":{"0":{"name":"sum","decl":{"start":{"line":2,"column":9},"end":{"line":2,"column":12}},"loc":{"start":{"line":2,"column":19},"end":{"line":4,"column":1}},"line":2},"1":{"name":"subs","decl":{"start":{"line":6,"column":9},"end":{"line":6,"column":13}},"loc":{"start":{"line":6,"column":20},"end":{"line":8,"column":1}},"line":6},"2":{"name":"divis","decl":{"start":{"line":10,"column":9},"end":{"line":10,"column":14}},"loc":{"start":{"line":10,"column":21},"end":{"line":21,"column":1}},"line":10}},"branchMap":{"0":{"loc":{"start":{"line":11,"column":4},"end":{"line":19,"column":5}},"type":"if","locations":[{"start":{"line":11,"column":4},"end":{"line":19,"column":5}},{"start":{"line":14,"column":9},"end":{"line":19,"column":5}}],"line":11},"1":{"loc":{"start":{"line":14,"column":9},"end":{"line":19,"column":5}},"type":"if","locations":[{"start":{"line":14,"column":9},"end":{"line":19,"column":5}},{"start":{"line":17,"column":9},"end":{"line":19,"column":5}}],"line":14}},"s":{"0":2,"1":1,"2":3,"3":1,"4":2,"5":1,"6":1,"7":1},"f":{"0":2,"1":1,"2":3},"b":{"0":[1,2],"1":[1,1]},"_coverageSchema":"1a1c01bbd47fc00a2c39e90264f33305004495a9","hash":"2fa59b72a030b624fae15cdf2324fa748e8d1004"}
,"/Users/suleymanozyilmaz/Desktop/jstest/cloneArray.js": {"path":"/Users/suleymanozyilmaz/Desktop/jstest/cloneArray.js","statementMap":{"0":{"start":{"line":2,"column":4},"end":{"line":2,"column":21}},"1":{"start":{"line":5,"column":0},"end":{"line":5,"column":25}}},"fnMap":{"0":{"name":"cloneArr","decl":{"start":{"line":1,"column":9},"end":{"line":1,"column":17}},"loc":{"start":{"line":1,"column":24},"end":{"line":3,"column":1}},"line":1}},"branchMap":{},"s":{"0":2,"1":1},"f":{"0":2},"b":{},"_coverageSchema":"1a1c01bbd47fc00a2c39e90264f33305004495a9","hash":"e75421f5c472c5876db3bf5089ed72765a10ce6d"}
}
